<?xml version="1.0" encoding="UTF-8"?>
<!-- Generated by org.testng.reporters.JUnitReportReporter -->
<testsuite hostname="Anee" failures="0" tests="1" name="sunnexttest1.Basicfunctionality1" time="45.544" errors="0" timestamp="2025-01-03T15:00:38 IST" skipped="0">
  <testcase classname="sunnexttest1.Basicfunctionality1" name="SignIn" time="45.544"/>
</testsuite> <!-- sunnexttest1.Basicfunctionality1 -->
