<?xml version="1.0" encoding="UTF-8"?>
<!-- Generated by org.testng.reporters.JUnitReportReporter -->
<testsuite hostname="Anee" failures="0" tests="1" name="practice.ActionLearning" time="11.901" errors="0" timestamp="2025-01-07T20:06:38 IST" skipped="0">
  <testcase classname="practice.ActionLearning" name="Amazon" time="11.901"/>
</testsuite> <!-- practice.ActionLearning -->
